C51 COMPILER V9.54   DELAY                                                                 05/27/2019 15:40:44 PAGE 1   


C51 COMPILER V9.54, COMPILATION OF MODULE DELAY
OBJECT MODULE PLACED IN .\output\delay.obj
COMPILER INVOKED BY: C:\Keil_v5\C51\BIN\C51.EXE delay.c LARGE OPTIMIZE(8,SIZE) BROWSE DEBUG OBJECTEXTEND PRINT(.\output\
                    -delay.lst) TABS(2) OBJECT(.\output\delay.obj)

line level    source

   1          /******************************************************
   2          * 文件名：delay.c
   3          * 说  明：延时函数
   4          *****************************************************************************/
   5          #include "main.h"
   6          /******************************************************
   7          * 函数：延时1ms函数
   8          * 参数：timer要延时的毫秒数值
   9          *******************************************************/
  10          void delay_ms(uint timer)
  11          {
  12   1        uchar j = 124;
  13   1        while(timer--)
  14   1        {
  15   2          for(j = 124; j>0; j--)
  16   2          {
  17   3            ;
  18   3          }
  19   2        }
  20   1      }
  21          
  22          /******************************************************
  23          * 函数：延时约9us*timer + 6um 
  24          * 参数：timer要延时的timer*9+6 微秒数值
  25          *******************************************************/
  26          void delay_us(uchar timer)
  27          {
  28   1        for( ; timer>0; timer--)
  29   1        {
  30   2          _nop_();
  31   2        }
  32   1      }


MODULE INFORMATION:   STATIC OVERLAYABLE
   CODE SIZE        =     33    ----
   CONSTANT SIZE    =   ----    ----
   XDATA SIZE       =   ----    ----
   PDATA SIZE       =   ----    ----
   DATA SIZE        =   ----    ----
   IDATA SIZE       =   ----    ----
   BIT SIZE         =   ----    ----
END OF MODULE INFORMATION.


C51 COMPILATION COMPLETE.  0 WARNING(S),  0 ERROR(S)
