C51 COMPILER V9.54   IIC                                                                   05/27/2019 15:40:44 PAGE 1   


C51 COMPILER V9.54, COMPILATION OF MODULE IIC
OBJECT MODULE PLACED IN .\output\IIC.obj
COMPILER INVOKED BY: C:\Keil_v5\C51\BIN\C51.EXE IIC.c LARGE OPTIMIZE(8,SIZE) BROWSE DEBUG OBJECTEXTEND PRINT(.\output\II
                    -C.lst) TABS(2) OBJECT(.\output\IIC.obj)

line level    source

   1          /*****************************************************************************
   2          * 文件名：iic.c
   3          * 说  明：操作IIC串行通信芯片的基本函数
   4          *****************************************************************************/
   5          
   6          #include "main.h"
   7          
   8          sbit SDA = P1^4;
   9          sbit SCL = P1^3;
  10          /******************************************************
  11          * 函  数：短暂延时函数，大概12um
  12          * 参  数：空
  13          * 返回值：无
  14          ******************************************************/
  15          void delay(void)
  16          {
  17   1        _nop_();_nop_();
  18   1        _nop_();_nop_();
  19   1        _nop_();_nop_();
  20   1      //  _nop_();_nop_();
  21   1      }
  22          
  23          /******************************************************
  24          * 函  数：初始化IIC
  25          * 参  数：空
  26          * 返回值：无
  27          ******************************************************/
  28          void init_IIC(void)
  29          {
  30   1        SDA = 1;
  31   1        delay();
  32   1        SCL = 1;
  33   1        delay();
  34   1      }
  35          
  36          /******************************************************
  37          * 函  数：IIC起始信号
  38          * 参  数：空
  39          * 返回值：无
  40          ******************************************************/
  41          void start(void)
  42          {
  43   1        SDA = 1;
  44   1        delay();
  45   1        SCL = 1;
  46   1        delay();
  47   1        SDA = 0;
  48   1        delay();
  49   1      }
  50          
  51          /******************************************************
  52          * 函  数：IIC终止信号
  53          * 参  数：空
  54          * 返回值：无
C51 COMPILER V9.54   IIC                                                                   05/27/2019 15:40:44 PAGE 2   

  55          ******************************************************/
  56          void stop(void)
  57          {
  58   1        SDA = 0;
  59   1        delay();
  60   1        SCL = 1;
  61   1        delay();
  62   1        SDA = 1;
  63   1        delay();
  64   1        
  65   1      }
  66          
  67          /******************************************************
  68          * 函  数：IIC ACK应答信号
  69          * 参  数：空
  70          * 返回值：无
  71          ******************************************************/
  72          void ack(void)
  73          {
  74   1        uchar i=0;
  75   1        SCL = 1;
  76   1        delay();
  77   1        while((SDA==1)&&(i<250))
  78   1        {
  79   2          i++;
  80   2        }
  81   1        SCL = 0;
  82   1        delay();
  83   1      }
  84          
  85          /******************************************************
  86          * 函  数：IIC NOACK应答信号
  87          * 参  数：空
  88          * 返回值：无
  89          ******************************************************/
  90          void noack(void)
  91          {
  92   1        SDA = 1;
  93   1        delay();
  94   1        SCL = 1;
  95   1        delay();
  96   1        SCL = 0;
  97   1        delay();
  98   1      }
  99          
 100          /******************************************************
 101          * 函  数：IIC 写数据
 102          * 参  数：dat要写的数据
 103          * 返回值：无
 104          ******************************************************/
 105          void IIC_write_byte(uchar dat)
 106          {
 107   1        uchar i,tmp;
 108   1        tmp = dat;
 109   1        for(i=0;i<8;i++)
 110   1        {
 111   2          SCL = 0;
 112   2          delay();
 113   2          if(tmp&0x80)
 114   2          {
 115   3            SDA = 1;
 116   3          }
C51 COMPILER V9.54   IIC                                                                   05/27/2019 15:40:44 PAGE 3   

 117   2          else
 118   2          {
 119   3            SDA = 0;
 120   3          }
 121   2          tmp = tmp<<1;
 122   2          delay();
 123   2          SCL = 1;
 124   2          delay();
 125   2        }
 126   1        SCL = 0;
 127   1        delay();
 128   1        SDA = 1;
 129   1        delay();  
 130   1      }
 131          
 132          /******************************************************
 133          * 函  数：IIC 读数据
 134          * 参  数：空
 135          * 返回值：dat读取到的数据
 136          ******************************************************/
 137          uchar IIC_read_byte(void)
 138          {
 139   1        uchar i,dat;
 140   1        SCL = 0;
 141   1        delay();
 142   1        SDA = 1;
 143   1        delay();
 144   1        for(i=0;i<8;i++)
 145   1        {
 146   2          SCL = 1;
 147   2          delay();
 148   2          dat = dat<<1;
 149   2          if(SDA)
 150   2          {
 151   3            dat++;
 152   3          }
 153   2          SCL = 0;
 154   2          delay();
 155   2        }
 156   1        return dat;
 157   1      }
 158          
 159          /******************************************************
 160          * 函  数：指定地址写数据
 161          * 参  数：addr指定的地址，dat要写的数据
 162          * 返回值：无
 163          ******************************************************/
 164          void write_IIC(uchar addr, uchar dat)
 165          {
 166   1        start();
 167   1        IIC_write_byte(0xa0);
 168   1        ack();
 169   1        IIC_write_byte(addr);
 170   1        ack();
 171   1        IIC_write_byte(dat);
 172   1        ack();
 173   1        stop();
 174   1      }
 175          
 176          /******************************************************
 177          * 函  数：指定地址读数据
 178          * 参  数：addr指定的地址
C51 COMPILER V9.54   IIC                                                                   05/27/2019 15:40:44 PAGE 4   

 179          * 返回值：temp读取的数据
 180          ******************************************************/
 181          uchar read_IIC(uchar add)
 182          {
 183   1        uchar temp;
 184   1        start();
 185   1        IIC_write_byte(0xa0);//fa she bei dizhi 例如24c02设备地址为0xA0,
 186   1        ack();
 187   1        IIC_write_byte(add);//fa yao du shu ju de dizhi
 188   1        ack();
 189   1        start();
 190   1        IIC_write_byte(0xa1);
 191   1        ack();
 192   1        temp = IIC_read_byte();
 193   1        noack();
 194   1        stop();
 195   1        return temp;
 196   1      }


MODULE INFORMATION:   STATIC OVERLAYABLE
   CODE SIZE        =    212    ----
   CONSTANT SIZE    =   ----    ----
   XDATA SIZE       =   ----    ----
   PDATA SIZE       =   ----    ----
   DATA SIZE        =   ----    ----
   IDATA SIZE       =   ----    ----
   BIT SIZE         =   ----    ----
END OF MODULE INFORMATION.


C51 COMPILATION COMPLETE.  0 WARNING(S),  0 ERROR(S)
